Performing C++ SOURCE FILE Test HAVE_FILESYSTEM_IN_STD failed with the following output:
Change Dir: /usr/local/google/home/gcommodore/dive/third_party/gfxreconstruct/android/tools/quest_replay/.cxx/Debug/2a631le5/arm64-v8a/CMakeFiles/CMakeTmp

Run Build Command(s):/usr/local/google/home/gcommodore/Android/Sdk/cmake/3.22.1/bin/ninja cmTC_e5176 && [1/2] Building CXX object CMakeFiles/cmTC_e5176.dir/src.cxx.o
FAILED: CMakeFiles/cmTC_e5176.dir/src.cxx.o 
/usr/local/google/home/gcommodore/Android/Sdk/ndk/22.1.7171670/toolchains/llvm/prebuilt/linux-x86_64/bin/clang++ --target=aarch64-none-linux-android26 --gcc-toolchain=/usr/local/google/home/gcommodore/Android/Sdk/ndk/22.1.7171670/toolchains/llvm/prebuilt/linux-x86_64 --sysroot=/usr/local/google/home/gcommodore/Android/Sdk/ndk/22.1.7171670/toolchains/llvm/prebuilt/linux-x86_64/sysroot -DHAVE_FILESYSTEM_IN_STD -I/usr/local/google/home/gcommodore/dive/third_party/gfxreconstruct/external/OpenXR-SDK/src/common -g -DANDROID -fdata-sections -ffunction-sections -funwind-tables -fstack-protector-strong -no-canonical-prefixes -D_FORTIFY_SOURCE=2 -Wformat -Werror=format-security  -fexceptions -std=c++14 -Wno-nullability-completeness -DCMAKE_CXX_STANDARD=14 -DCMAKE_CXX_STANDARD_REQUIRED=TRUE -fPIC -MD -MT CMakeFiles/cmTC_e5176.dir/src.cxx.o -MF CMakeFiles/cmTC_e5176.dir/src.cxx.o.d -o CMakeFiles/cmTC_e5176.dir/src.cxx.o -c /usr/local/google/home/gcommodore/dive/third_party/gfxreconstruct/android/tools/quest_replay/.cxx/Debug/2a631le5/arm64-v8a/CMakeFiles/CMakeTmp/src.cxx
/usr/local/google/home/gcommodore/dive/third_party/gfxreconstruct/android/tools/quest_replay/.cxx/Debug/2a631le5/arm64-v8a/CMakeFiles/CMakeTmp/src.cxx:8:15: error: use of undeclared identifier 'is_regular_file'
        (void)is_regular_file("/");
              ^
1 error generated.
ninja: build stopped: subcommand failed.


Source file was:
#include <stdfs_conditions.h>
    
    #if defined(USE_FINAL_FS) && USE_FINAL_FS
    #include <filesystem>
    using namespace std::filesystem;
    #endif
    int main() {
        (void)is_regular_file("/");
        return 0;
    }
    
    
Performing C++ SOURCE FILE Test HAVE_FILESYSTEM_IN_STDEXPERIMENTAL failed with the following output:
Change Dir: /usr/local/google/home/gcommodore/dive/third_party/gfxreconstruct/android/tools/quest_replay/.cxx/Debug/2a631le5/arm64-v8a/CMakeFiles/CMakeTmp

Run Build Command(s):/usr/local/google/home/gcommodore/Android/Sdk/cmake/3.22.1/bin/ninja cmTC_af988 && [1/2] Building CXX object CMakeFiles/cmTC_af988.dir/src.cxx.o
FAILED: CMakeFiles/cmTC_af988.dir/src.cxx.o 
/usr/local/google/home/gcommodore/Android/Sdk/ndk/22.1.7171670/toolchains/llvm/prebuilt/linux-x86_64/bin/clang++ --target=aarch64-none-linux-android26 --gcc-toolchain=/usr/local/google/home/gcommodore/Android/Sdk/ndk/22.1.7171670/toolchains/llvm/prebuilt/linux-x86_64 --sysroot=/usr/local/google/home/gcommodore/Android/Sdk/ndk/22.1.7171670/toolchains/llvm/prebuilt/linux-x86_64/sysroot -DHAVE_FILESYSTEM_IN_STDEXPERIMENTAL -I/usr/local/google/home/gcommodore/dive/third_party/gfxreconstruct/external/OpenXR-SDK/src/common -g -DANDROID -fdata-sections -ffunction-sections -funwind-tables -fstack-protector-strong -no-canonical-prefixes -D_FORTIFY_SOURCE=2 -Wformat -Werror=format-security  -fexceptions -std=c++14 -Wno-nullability-completeness -DCMAKE_CXX_STANDARD=14 -DCMAKE_CXX_STANDARD_REQUIRED=TRUE -fPIC -MD -MT CMakeFiles/cmTC_af988.dir/src.cxx.o -MF CMakeFiles/cmTC_af988.dir/src.cxx.o.d -o CMakeFiles/cmTC_af988.dir/src.cxx.o -c /usr/local/google/home/gcommodore/dive/third_party/gfxreconstruct/android/tools/quest_replay/.cxx/Debug/2a631le5/arm64-v8a/CMakeFiles/CMakeTmp/src.cxx
/usr/local/google/home/gcommodore/dive/third_party/gfxreconstruct/android/tools/quest_replay/.cxx/Debug/2a631le5/arm64-v8a/CMakeFiles/CMakeTmp/src.cxx:8:15: error: use of undeclared identifier 'is_regular_file'
        (void)is_regular_file("/");
              ^
1 error generated.
ninja: build stopped: subcommand failed.


Source file was:
#include <stdfs_conditions.h>
    
    #if defined(USE_EXPERIMENTAL_FS) && USE_EXPERIMENTAL_FS
    #include <experimental/filesystem>
    using namespace std::experimental::filesystem;
    #endif
    int main() {
        (void)is_regular_file("/");
        return 0;
    }
    
    
Performing C++ SOURCE FILE Test HAVE_FILESYSTEM_IN_STD_17 failed with the following output:
Change Dir: /usr/local/google/home/gcommodore/dive/third_party/gfxreconstruct/android/tools/quest_replay/.cxx/Debug/2a631le5/arm64-v8a/CMakeFiles/CMakeTmp

Run Build Command(s):/usr/local/google/home/gcommodore/Android/Sdk/cmake/3.22.1/bin/ninja cmTC_131da && [1/2] Building CXX object CMakeFiles/cmTC_131da.dir/src.cxx.o
FAILED: CMakeFiles/cmTC_131da.dir/src.cxx.o 
/usr/local/google/home/gcommodore/Android/Sdk/ndk/22.1.7171670/toolchains/llvm/prebuilt/linux-x86_64/bin/clang++ --target=aarch64-none-linux-android26 --gcc-toolchain=/usr/local/google/home/gcommodore/Android/Sdk/ndk/22.1.7171670/toolchains/llvm/prebuilt/linux-x86_64 --sysroot=/usr/local/google/home/gcommodore/Android/Sdk/ndk/22.1.7171670/toolchains/llvm/prebuilt/linux-x86_64/sysroot -DHAVE_FILESYSTEM_IN_STD_17 -I/usr/local/google/home/gcommodore/dive/third_party/gfxreconstruct/external/OpenXR-SDK/src/common -g -DANDROID -fdata-sections -ffunction-sections -funwind-tables -fstack-protector-strong -no-canonical-prefixes -D_FORTIFY_SOURCE=2 -Wformat -Werror=format-security  -fexceptions -std=c++14 -Wno-nullability-completeness -DCMAKE_CXX_STANDARD=17 -DCMAKE_CXX_STANDARD_REQUIRED=TRUE -fPIC -MD -MT CMakeFiles/cmTC_131da.dir/src.cxx.o -MF CMakeFiles/cmTC_131da.dir/src.cxx.o.d -o CMakeFiles/cmTC_131da.dir/src.cxx.o -c /usr/local/google/home/gcommodore/dive/third_party/gfxreconstruct/android/tools/quest_replay/.cxx/Debug/2a631le5/arm64-v8a/CMakeFiles/CMakeTmp/src.cxx
/usr/local/google/home/gcommodore/dive/third_party/gfxreconstruct/android/tools/quest_replay/.cxx/Debug/2a631le5/arm64-v8a/CMakeFiles/CMakeTmp/src.cxx:8:15: error: use of undeclared identifier 'is_regular_file'
        (void)is_regular_file("/");
              ^
1 error generated.
ninja: build stopped: subcommand failed.


Source file was:
#include <stdfs_conditions.h>
    
    #if defined(USE_FINAL_FS) && USE_FINAL_FS
    #include <filesystem>
    using namespace std::filesystem;
    #endif
    int main() {
        (void)is_regular_file("/");
        return 0;
    }
    
    
Performing C++ SOURCE FILE Test HAVE_FILESYSTEM_WITHOUT_LIB failed with the following output:
Change Dir: /usr/local/google/home/gcommodore/dive/third_party/gfxreconstruct/android/tools/quest_replay/.cxx/Debug/2a631le5/arm64-v8a/CMakeFiles/CMakeTmp

Run Build Command(s):/usr/local/google/home/gcommodore/Android/Sdk/cmake/3.22.1/bin/ninja cmTC_94f56 && [1/2] Building CXX object CMakeFiles/cmTC_94f56.dir/src.cxx.o
FAILED: CMakeFiles/cmTC_94f56.dir/src.cxx.o 
/usr/local/google/home/gcommodore/Android/Sdk/ndk/22.1.7171670/toolchains/llvm/prebuilt/linux-x86_64/bin/clang++ --target=aarch64-none-linux-android26 --gcc-toolchain=/usr/local/google/home/gcommodore/Android/Sdk/ndk/22.1.7171670/toolchains/llvm/prebuilt/linux-x86_64 --sysroot=/usr/local/google/home/gcommodore/Android/Sdk/ndk/22.1.7171670/toolchains/llvm/prebuilt/linux-x86_64/sysroot -DHAVE_FILESYSTEM_WITHOUT_LIB -I/usr/local/google/home/gcommodore/dive/third_party/gfxreconstruct/external/OpenXR-SDK/src/common -g -DANDROID -fdata-sections -ffunction-sections -funwind-tables -fstack-protector-strong -no-canonical-prefixes -D_FORTIFY_SOURCE=2 -Wformat -Werror=format-security  -fexceptions -std=c++14 -Wno-nullability-completeness  -fPIE -MD -MT CMakeFiles/cmTC_94f56.dir/src.cxx.o -MF CMakeFiles/cmTC_94f56.dir/src.cxx.o.d -o CMakeFiles/cmTC_94f56.dir/src.cxx.o -c /usr/local/google/home/gcommodore/dive/third_party/gfxreconstruct/android/tools/quest_replay/.cxx/Debug/2a631le5/arm64-v8a/CMakeFiles/CMakeTmp/src.cxx
/usr/local/google/home/gcommodore/dive/third_party/gfxreconstruct/android/tools/quest_replay/.cxx/Debug/2a631le5/arm64-v8a/CMakeFiles/CMakeTmp/src.cxx:12:15: error: use of undeclared identifier 'is_regular_file'
        (void)is_regular_file("/");
              ^
1 error generated.
ninja: build stopped: subcommand failed.


Source file was:
#include <stdfs_conditions.h>
    
    #if defined(USE_FINAL_FS) && USE_FINAL_FS
    #include <filesystem>
    using namespace std::filesystem;
    #endif
    #if defined(USE_EXPERIMENTAL_FS) && USE_EXPERIMENTAL_FS
    #include <experimental/filesystem>
    using namespace std::experimental::filesystem;
    #endif
    int main() {
        (void)is_regular_file("/");
        return 0;
    }
    
    
Performing C++ SOURCE FILE Test HAVE_FILESYSTEM_NEEDING_LIBSTDCXXFS failed with the following output:
Change Dir: /usr/local/google/home/gcommodore/dive/third_party/gfxreconstruct/android/tools/quest_replay/.cxx/Debug/2a631le5/arm64-v8a/CMakeFiles/CMakeTmp

Run Build Command(s):/usr/local/google/home/gcommodore/Android/Sdk/cmake/3.22.1/bin/ninja cmTC_e5773 && [1/2] Building CXX object CMakeFiles/cmTC_e5773.dir/src.cxx.o
FAILED: CMakeFiles/cmTC_e5773.dir/src.cxx.o 
/usr/local/google/home/gcommodore/Android/Sdk/ndk/22.1.7171670/toolchains/llvm/prebuilt/linux-x86_64/bin/clang++ --target=aarch64-none-linux-android26 --gcc-toolchain=/usr/local/google/home/gcommodore/Android/Sdk/ndk/22.1.7171670/toolchains/llvm/prebuilt/linux-x86_64 --sysroot=/usr/local/google/home/gcommodore/Android/Sdk/ndk/22.1.7171670/toolchains/llvm/prebuilt/linux-x86_64/sysroot -DHAVE_FILESYSTEM_NEEDING_LIBSTDCXXFS -I/usr/local/google/home/gcommodore/dive/third_party/gfxreconstruct/external/OpenXR-SDK/src/common -g -DANDROID -fdata-sections -ffunction-sections -funwind-tables -fstack-protector-strong -no-canonical-prefixes -D_FORTIFY_SOURCE=2 -Wformat -Werror=format-security  -fexceptions -std=c++14 -Wno-nullability-completeness  -fPIE -MD -MT CMakeFiles/cmTC_e5773.dir/src.cxx.o -MF CMakeFiles/cmTC_e5773.dir/src.cxx.o.d -o CMakeFiles/cmTC_e5773.dir/src.cxx.o -c /usr/local/google/home/gcommodore/dive/third_party/gfxreconstruct/android/tools/quest_replay/.cxx/Debug/2a631le5/arm64-v8a/CMakeFiles/CMakeTmp/src.cxx
/usr/local/google/home/gcommodore/dive/third_party/gfxreconstruct/android/tools/quest_replay/.cxx/Debug/2a631le5/arm64-v8a/CMakeFiles/CMakeTmp/src.cxx:12:15: error: use of undeclared identifier 'is_regular_file'
        (void)is_regular_file("/");
              ^
1 error generated.
ninja: build stopped: subcommand failed.


Source file was:
#include <stdfs_conditions.h>
    
    #if defined(USE_FINAL_FS) && USE_FINAL_FS
    #include <filesystem>
    using namespace std::filesystem;
    #endif
    #if defined(USE_EXPERIMENTAL_FS) && USE_EXPERIMENTAL_FS
    #include <experimental/filesystem>
    using namespace std::experimental::filesystem;
    #endif
    int main() {
        (void)is_regular_file("/");
        return 0;
    }
    
    
Performing C++ SOURCE FILE Test HAVE_FILESYSTEM_NEEDING_LIBCXXFS failed with the following output:
Change Dir: /usr/local/google/home/gcommodore/dive/third_party/gfxreconstruct/android/tools/quest_replay/.cxx/Debug/2a631le5/arm64-v8a/CMakeFiles/CMakeTmp

Run Build Command(s):/usr/local/google/home/gcommodore/Android/Sdk/cmake/3.22.1/bin/ninja cmTC_14539 && [1/2] Building CXX object CMakeFiles/cmTC_14539.dir/src.cxx.o
FAILED: CMakeFiles/cmTC_14539.dir/src.cxx.o 
/usr/local/google/home/gcommodore/Android/Sdk/ndk/22.1.7171670/toolchains/llvm/prebuilt/linux-x86_64/bin/clang++ --target=aarch64-none-linux-android26 --gcc-toolchain=/usr/local/google/home/gcommodore/Android/Sdk/ndk/22.1.7171670/toolchains/llvm/prebuilt/linux-x86_64 --sysroot=/usr/local/google/home/gcommodore/Android/Sdk/ndk/22.1.7171670/toolchains/llvm/prebuilt/linux-x86_64/sysroot -DHAVE_FILESYSTEM_NEEDING_LIBCXXFS -I/usr/local/google/home/gcommodore/dive/third_party/gfxreconstruct/external/OpenXR-SDK/src/common -g -DANDROID -fdata-sections -ffunction-sections -funwind-tables -fstack-protector-strong -no-canonical-prefixes -D_FORTIFY_SOURCE=2 -Wformat -Werror=format-security  -fexceptions -std=c++14 -Wno-nullability-completeness  -fPIE -MD -MT CMakeFiles/cmTC_14539.dir/src.cxx.o -MF CMakeFiles/cmTC_14539.dir/src.cxx.o.d -o CMakeFiles/cmTC_14539.dir/src.cxx.o -c /usr/local/google/home/gcommodore/dive/third_party/gfxreconstruct/android/tools/quest_replay/.cxx/Debug/2a631le5/arm64-v8a/CMakeFiles/CMakeTmp/src.cxx
/usr/local/google/home/gcommodore/dive/third_party/gfxreconstruct/android/tools/quest_replay/.cxx/Debug/2a631le5/arm64-v8a/CMakeFiles/CMakeTmp/src.cxx:12:15: error: use of undeclared identifier 'is_regular_file'
        (void)is_regular_file("/");
              ^
1 error generated.
ninja: build stopped: subcommand failed.


Source file was:
#include <stdfs_conditions.h>
    
    #if defined(USE_FINAL_FS) && USE_FINAL_FS
    #include <filesystem>
    using namespace std::filesystem;
    #endif
    #if defined(USE_EXPERIMENTAL_FS) && USE_EXPERIMENTAL_FS
    #include <experimental/filesystem>
    using namespace std::experimental::filesystem;
    #endif
    int main() {
        (void)is_regular_file("/");
        return 0;
    }
    
    
Performing C SOURCE FILE Test CMAKE_HAVE_LIBC_PTHREAD failed with the following output:
Change Dir: /usr/local/google/home/gcommodore/dive/third_party/gfxreconstruct/android/tools/quest_replay/.cxx/Debug/2a631le5/arm64-v8a/CMakeFiles/CMakeTmp

Run Build Command(s):/usr/local/google/home/gcommodore/Android/Sdk/cmake/3.22.1/bin/ninja cmTC_5b464 && [1/2] Building C object CMakeFiles/cmTC_5b464.dir/src.c.o
/usr/local/google/home/gcommodore/dive/third_party/gfxreconstruct/android/tools/quest_replay/.cxx/Debug/2a631le5/arm64-v8a/CMakeFiles/CMakeTmp/src.c:13:3: warning: implicit declaration of function 'pthread_cancel' is invalid in C99 [-Wimplicit-function-declaration]
  pthread_cancel(thread);
  ^
1 warning generated.
[2/2] Linking C executable cmTC_5b464
FAILED: cmTC_5b464 
: && /usr/local/google/home/gcommodore/Android/Sdk/ndk/22.1.7171670/toolchains/llvm/prebuilt/linux-x86_64/bin/clang --target=aarch64-none-linux-android26 --gcc-toolchain=/usr/local/google/home/gcommodore/Android/Sdk/ndk/22.1.7171670/toolchains/llvm/prebuilt/linux-x86_64 --sysroot=/usr/local/google/home/gcommodore/Android/Sdk/ndk/22.1.7171670/toolchains/llvm/prebuilt/linux-x86_64/sysroot -g -DANDROID -fdata-sections -ffunction-sections -funwind-tables -fstack-protector-strong -no-canonical-prefixes -D_FORTIFY_SOURCE=2 -Wformat -Werror=format-security -Wl,--exclude-libs,libgcc.a -Wl,--exclude-libs,libgcc_real.a -Wl,--exclude-libs,libatomic.a -static-libstdc++ -Wl,--build-id=sha1 -Wl,--no-rosegment -Wl,--fatal-warnings -Wl,--no-undefined -Qunused-arguments -Wl,--gc-sections CMakeFiles/cmTC_5b464.dir/src.c.o -o cmTC_5b464  -latomic -lm && :
ld: error: undefined symbol: pthread_cancel
>>> referenced by src.c:13
>>>               CMakeFiles/cmTC_5b464.dir/src.c.o:(main)
clang: error: linker command failed with exit code 1 (use -v to see invocation)
ninja: build stopped: subcommand failed.


Source file was:
#include <pthread.h>

static void* test_func(void* data)
{
  return data;
}

int main(void)
{
  pthread_t thread;
  pthread_create(&thread, NULL, test_func, NULL);
  pthread_detach(thread);
  pthread_cancel(thread);
  pthread_join(thread, NULL);
  pthread_atfork(NULL, NULL, NULL);
  pthread_exit(NULL);

  return 0;
}

Determining if the function pthread_create exists in the pthreads failed with the following output:
Change Dir: /usr/local/google/home/gcommodore/dive/third_party/gfxreconstruct/android/tools/quest_replay/.cxx/Debug/2a631le5/arm64-v8a/CMakeFiles/CMakeTmp

Run Build Command(s):/usr/local/google/home/gcommodore/Android/Sdk/cmake/3.22.1/bin/ninja cmTC_fc6d5 && [1/2] Building C object CMakeFiles/cmTC_fc6d5.dir/CheckFunctionExists.c.o
[2/2] Linking C executable cmTC_fc6d5
FAILED: cmTC_fc6d5 
: && /usr/local/google/home/gcommodore/Android/Sdk/ndk/22.1.7171670/toolchains/llvm/prebuilt/linux-x86_64/bin/clang --target=aarch64-none-linux-android26 --gcc-toolchain=/usr/local/google/home/gcommodore/Android/Sdk/ndk/22.1.7171670/toolchains/llvm/prebuilt/linux-x86_64 --sysroot=/usr/local/google/home/gcommodore/Android/Sdk/ndk/22.1.7171670/toolchains/llvm/prebuilt/linux-x86_64/sysroot -g -DANDROID -fdata-sections -ffunction-sections -funwind-tables -fstack-protector-strong -no-canonical-prefixes -D_FORTIFY_SOURCE=2 -Wformat -Werror=format-security  -DCHECK_FUNCTION_EXISTS=pthread_create -Wl,--exclude-libs,libgcc.a -Wl,--exclude-libs,libgcc_real.a -Wl,--exclude-libs,libatomic.a -static-libstdc++ -Wl,--build-id=sha1 -Wl,--no-rosegment -Wl,--fatal-warnings -Wl,--no-undefined -Qunused-arguments -Wl,--gc-sections CMakeFiles/cmTC_fc6d5.dir/CheckFunctionExists.c.o -o cmTC_fc6d5  -lpthreads  -latomic -lm && :
ld: error: unable to find library -lpthreads
clang: error: linker command failed with exit code 1 (use -v to see invocation)
ninja: build stopped: subcommand failed.



Determining if the function pthread_create exists in the pthread failed with the following output:
Change Dir: /usr/local/google/home/gcommodore/dive/third_party/gfxreconstruct/android/tools/quest_replay/.cxx/Debug/2a631le5/arm64-v8a/CMakeFiles/CMakeTmp

Run Build Command(s):/usr/local/google/home/gcommodore/Android/Sdk/cmake/3.22.1/bin/ninja cmTC_98180 && [1/2] Building C object CMakeFiles/cmTC_98180.dir/CheckFunctionExists.c.o
[2/2] Linking C executable cmTC_98180
FAILED: cmTC_98180 
: && /usr/local/google/home/gcommodore/Android/Sdk/ndk/22.1.7171670/toolchains/llvm/prebuilt/linux-x86_64/bin/clang --target=aarch64-none-linux-android26 --gcc-toolchain=/usr/local/google/home/gcommodore/Android/Sdk/ndk/22.1.7171670/toolchains/llvm/prebuilt/linux-x86_64 --sysroot=/usr/local/google/home/gcommodore/Android/Sdk/ndk/22.1.7171670/toolchains/llvm/prebuilt/linux-x86_64/sysroot -g -DANDROID -fdata-sections -ffunction-sections -funwind-tables -fstack-protector-strong -no-canonical-prefixes -D_FORTIFY_SOURCE=2 -Wformat -Werror=format-security  -DCHECK_FUNCTION_EXISTS=pthread_create -Wl,--exclude-libs,libgcc.a -Wl,--exclude-libs,libgcc_real.a -Wl,--exclude-libs,libatomic.a -static-libstdc++ -Wl,--build-id=sha1 -Wl,--no-rosegment -Wl,--fatal-warnings -Wl,--no-undefined -Qunused-arguments -Wl,--gc-sections CMakeFiles/cmTC_98180.dir/CheckFunctionExists.c.o -o cmTC_98180  -lpthread  -latomic -lm && :
ld: error: unable to find library -lpthread
clang: error: linker command failed with exit code 1 (use -v to see invocation)
ninja: build stopped: subcommand failed.



Determining if the function secure_getenv exists failed with the following output:
Change Dir: /usr/local/google/home/gcommodore/dive/third_party/gfxreconstruct/android/tools/quest_replay/.cxx/Debug/2a631le5/arm64-v8a/CMakeFiles/CMakeTmp

Run Build Command(s):/usr/local/google/home/gcommodore/Android/Sdk/cmake/3.22.1/bin/ninja cmTC_78761 && [1/2] Building C object CMakeFiles/cmTC_78761.dir/CheckFunctionExists.c.o
[2/2] Linking C executable cmTC_78761
FAILED: cmTC_78761 
: && /usr/local/google/home/gcommodore/Android/Sdk/ndk/22.1.7171670/toolchains/llvm/prebuilt/linux-x86_64/bin/clang --target=aarch64-none-linux-android26 --gcc-toolchain=/usr/local/google/home/gcommodore/Android/Sdk/ndk/22.1.7171670/toolchains/llvm/prebuilt/linux-x86_64 --sysroot=/usr/local/google/home/gcommodore/Android/Sdk/ndk/22.1.7171670/toolchains/llvm/prebuilt/linux-x86_64/sysroot -g -DANDROID -fdata-sections -ffunction-sections -funwind-tables -fstack-protector-strong -no-canonical-prefixes -D_FORTIFY_SOURCE=2 -Wformat -Werror=format-security  -DCHECK_FUNCTION_EXISTS=secure_getenv -Wl,--exclude-libs,libgcc.a -Wl,--exclude-libs,libgcc_real.a -Wl,--exclude-libs,libatomic.a -static-libstdc++ -Wl,--build-id=sha1 -Wl,--no-rosegment -Wl,--fatal-warnings -Wl,--no-undefined -Qunused-arguments -Wl,--gc-sections CMakeFiles/cmTC_78761.dir/CheckFunctionExists.c.o -o cmTC_78761  -latomic -lm && :
ld: error: undefined symbol: secure_getenv
>>> referenced by CheckFunctionExists.c:17 (/usr/local/google/home/gcommodore/Android/Sdk/cmake/3.22.1/share/cmake-3.22/Modules/CheckFunctionExists.c:17)
>>>               CMakeFiles/cmTC_78761.dir/CheckFunctionExists.c.o:(main)
clang: error: linker command failed with exit code 1 (use -v to see invocation)
ninja: build stopped: subcommand failed.



Determining if the function __secure_getenv exists failed with the following output:
Change Dir: /usr/local/google/home/gcommodore/dive/third_party/gfxreconstruct/android/tools/quest_replay/.cxx/Debug/2a631le5/arm64-v8a/CMakeFiles/CMakeTmp

Run Build Command(s):/usr/local/google/home/gcommodore/Android/Sdk/cmake/3.22.1/bin/ninja cmTC_62838 && [1/2] Building C object CMakeFiles/cmTC_62838.dir/CheckFunctionExists.c.o
[2/2] Linking C executable cmTC_62838
FAILED: cmTC_62838 
: && /usr/local/google/home/gcommodore/Android/Sdk/ndk/22.1.7171670/toolchains/llvm/prebuilt/linux-x86_64/bin/clang --target=aarch64-none-linux-android26 --gcc-toolchain=/usr/local/google/home/gcommodore/Android/Sdk/ndk/22.1.7171670/toolchains/llvm/prebuilt/linux-x86_64 --sysroot=/usr/local/google/home/gcommodore/Android/Sdk/ndk/22.1.7171670/toolchains/llvm/prebuilt/linux-x86_64/sysroot -g -DANDROID -fdata-sections -ffunction-sections -funwind-tables -fstack-protector-strong -no-canonical-prefixes -D_FORTIFY_SOURCE=2 -Wformat -Werror=format-security  -DCHECK_FUNCTION_EXISTS=__secure_getenv -Wl,--exclude-libs,libgcc.a -Wl,--exclude-libs,libgcc_real.a -Wl,--exclude-libs,libatomic.a -static-libstdc++ -Wl,--build-id=sha1 -Wl,--no-rosegment -Wl,--fatal-warnings -Wl,--no-undefined -Qunused-arguments -Wl,--gc-sections CMakeFiles/cmTC_62838.dir/CheckFunctionExists.c.o -o cmTC_62838  -latomic -lm && :
ld: error: undefined symbol: __secure_getenv
>>> referenced by CheckFunctionExists.c:17 (/usr/local/google/home/gcommodore/Android/Sdk/cmake/3.22.1/share/cmake-3.22/Modules/CheckFunctionExists.c:17)
>>>               CMakeFiles/cmTC_62838.dir/CheckFunctionExists.c.o:(main)
clang: error: linker command failed with exit code 1 (use -v to see invocation)
ninja: build stopped: subcommand failed.



Determining if the timespec_get exist failed with the following output:
Change Dir: /usr/local/google/home/gcommodore/dive/third_party/gfxreconstruct/android/tools/quest_replay/.cxx/Debug/2a631le5/arm64-v8a/CMakeFiles/CMakeTmp

Run Build Command(s):/usr/local/google/home/gcommodore/Android/Sdk/cmake/3.22.1/bin/ninja cmTC_d5912 && [1/2] Building C object CMakeFiles/cmTC_d5912.dir/CheckSymbolExists.c.o
FAILED: CMakeFiles/cmTC_d5912.dir/CheckSymbolExists.c.o 
/usr/local/google/home/gcommodore/Android/Sdk/ndk/22.1.7171670/toolchains/llvm/prebuilt/linux-x86_64/bin/clang --target=aarch64-none-linux-android26 --gcc-toolchain=/usr/local/google/home/gcommodore/Android/Sdk/ndk/22.1.7171670/toolchains/llvm/prebuilt/linux-x86_64 --sysroot=/usr/local/google/home/gcommodore/Android/Sdk/ndk/22.1.7171670/toolchains/llvm/prebuilt/linux-x86_64/sysroot   -g -DANDROID -fdata-sections -ffunction-sections -funwind-tables -fstack-protector-strong -no-canonical-prefixes -D_FORTIFY_SOURCE=2 -Wformat -Werror=format-security   -fPIE -MD -MT CMakeFiles/cmTC_d5912.dir/CheckSymbolExists.c.o -MF CMakeFiles/cmTC_d5912.dir/CheckSymbolExists.c.o.d -o CMakeFiles/cmTC_d5912.dir/CheckSymbolExists.c.o -c /usr/local/google/home/gcommodore/dive/third_party/gfxreconstruct/android/tools/quest_replay/.cxx/Debug/2a631le5/arm64-v8a/CMakeFiles/CMakeTmp/CheckSymbolExists.c
/usr/local/google/home/gcommodore/dive/third_party/gfxreconstruct/android/tools/quest_replay/.cxx/Debug/2a631le5/arm64-v8a/CMakeFiles/CMakeTmp/CheckSymbolExists.c:8:19: error: use of undeclared identifier 'timespec_get'
  return ((int*)(&timespec_get))[argc];
                  ^
1 error generated.
ninja: build stopped: subcommand failed.


File /usr/local/google/home/gcommodore/dive/third_party/gfxreconstruct/android/tools/quest_replay/.cxx/Debug/2a631le5/arm64-v8a/CMakeFiles/CMakeTmp/CheckSymbolExists.c:
/* */
#include <time.h>

int main(int argc, char** argv)
{
  (void)argv;
#ifndef timespec_get
  return ((int*)(&timespec_get))[argc];
#else
  (void)argc;
  return 0;
#endif
}
